This is pdfTeX, Version 3.14159265-2.6-1.40.20 (TeX Live 2019/Debian) (preloaded format=pdflatex 2022.7.22)  25 SEP 2022 16:10
entering extended mode
 restricted \write18 enabled.
 %&-line parsing enabled.
**main_tcc_ufu.tex
(./main_tcc_ufu.tex
LaTeX2e <2020-02-02> patch level 2
L3 programming layer <2020-02-14> (./tcc.cls
Document Class: tcc 2014/11/05 v1.0 Classe Tese TCC
(/usr/share/texlive/texmf-dist/tex/latex/abntex2/abntex2.cls
Document Class: abntex2 2018/11/24 v-1.9.7 abnTeX2
(/usr/share/texlive/texmf-dist/tex/latex/base/ifthen.sty
Package: ifthen 2014/09/29 v1.1c Standard LaTeX ifthen package (DPC)
)
(/usr/share/texlive/texmf-dist/tex/latex/memoir/memoir.cls
Document Class: memoir 2019/11/21 v3.7j configurable book, report, article docu
ment class
\onelineskip=\skip47
\lxvchars=\skip48
\xlvchars=\skip49
\@memcnta=\count167
\c@@memmarkcntra=\count168
LaTeX Info: Redefining \InputIfFileExists on input line 140.
(/usr/share/texlive/texmf-dist/tex/generic/iftex/iftex.sty
Package: iftex 2019/11/07 v1.0c TeX engine tests
)
\stockheight=\skip50
\stockwidth=\skip51
\trimtop=\skip52
\trimedge=\skip53

(/usr/share/texlive/texmf-dist/tex/latex/memoir/mem12.clo
File: mem12.clo 2010/10/19 v0.4b memoir class 12pt size option
)
\binding=\skip54
\spinemargin=\skip55
\foremargin=\skip56
\uppermargin=\skip57
\lowermargin=\skip58
\headdrop=\skip59
\normalrulethickness=\skip60
\mem@maxheadheight=\skip61
\mem@maxfootheight=\skip62
\headwidth=\skip63
\c@storedpagenumber=\count169
\memPD=\dimen134
\m@mabparskip=\skip64
\thanksmarkwidth=\skip65
\thanksmarksep=\skip66
\droptitle=\skip67
\c@book=\count170
\c@part=\count171
\c@chapter=\count172
\c@section=\count173
\c@subsection=\count174
\c@subsubsection=\count175
\c@paragraph=\count176
\c@subparagraph=\count177
\beforechapskip=\skip68
\midchapskip=\skip69
\afterchapskip=\skip70
\chapindent=\skip71
\bottomsectionskip=\skip72
\secindent=\skip73
\beforesecskip=\skip74
\aftersecskip=\skip75
\subsecindent=\skip76
\beforesubsecskip=\skip77
\aftersubsecskip=\skip78
\subsubsecindent=\skip79
\beforesubsubsecskip=\skip80
\aftersubsubsecskip=\skip81
\paraindent=\skip82
\beforeparaskip=\skip83
\afterparaskip=\skip84
\subparaindent=\skip85
\beforesubparaskip=\skip86
\aftersubparaskip=\skip87
\pfbreakskip=\skip88
\c@@ppsavesec=\count178
\c@@ppsaveapp=\count179
\ragrparindent=\dimen135
\everylistparindent=\dimen136
\parsepi=\skip89
\topsepi=\skip90
\itemsepi=\skip91
\parsepii=\skip92
\topsepii=\skip93
\topsepiii=\skip94
\itemsepii=\skip95
\itemsepiii=\skip96
\partopsepii=\skip97
\partopsepiii=\skip98
\m@msavetopsep=\skip99
\m@msavepartopsep=\skip100
\@enLab=\toks14
\abstitleskip=\skip101
\absleftindent=\skip102
\abs@leftindent=\dimen137
\absrightindent=\skip103
\absparindent=\skip104
\absparsep=\skip105
\c@vslineno=\count180
\c@poemline=\count181
\c@modulo@vs=\count182
\c@memfvsline=\count183
\vleftskip=\skip106
\vrightskip=\skip107
\stanzaskip=\skip108
\versewidth=\skip109
\vgap=\skip110
\vindent=\skip111
\vleftmargin=\dimen138
\c@verse=\count184
\c@chrsinstr=\count185
\beforepoemtitleskip=\skip112
\afterpoemtitleskip=\skip113
\c@poem=\count186
\beforePoemTitleskip=\skip114
\midPoemTitleskip=\skip115
\afterPoemTitleskip=\skip116

(/usr/share/texlive/texmf-dist/tex/latex/tools/array.sty
Package: array 2019/08/31 v2.4l Tabular extension package (FMi)
\col@sep=\dimen139
\ar@mcellbox=\box45
\extrarowheight=\dimen140
\NC@list=\toks15
\extratabsurround=\skip117
\backup@length=\skip118
\ar@cellbox=\box46
)
(/usr/share/texlive/texmf-dist/tex/latex/tools/dcolumn.sty
Package: dcolumn 2014/10/28 v1.06 decimal alignment package (DPC)
)
(/usr/share/texlive/texmf-dist/tex/latex/tools/delarray.sty
Package: delarray 2014/10/28 v1.01 array delimiter package (DPC)
)
(/usr/share/texlive/texmf-dist/tex/latex/tools/tabularx.sty
Package: tabularx 2020/01/15 v2.11c `tabularx' package (DPC)
\TX@col@width=\dimen141
\TX@old@table=\dimen142
\TX@old@col=\dimen143
\TX@target=\dimen144
\TX@delta=\dimen145
\TX@cols=\count187
\TX@ftn=\toks16
)
\heavyrulewidth=\dimen146
\lightrulewidth=\dimen147
\cmidrulewidth=\dimen148
\belowrulesep=\dimen149
\belowbottomsep=\dimen150
\aboverulesep=\dimen151
\abovetopsep=\dimen152
\cmidrulesep=\dimen153
\cmidrulekern=\dimen154
\defaultaddspace=\dimen155
\@cmidla=\count188
\@cmidlb=\count189
\@aboverulesep=\dimen156
\@belowrulesep=\dimen157
\@thisruleclass=\count190
\@lastruleclass=\count191
\@thisrulewidth=\dimen158
\ctableftskip=\skip119
\ctabrightskip=\skip120
\abovecolumnspenalty=\count192
\@linestogo=\count193
\@cellstogo=\count194
\@cellsincolumn=\count195
\crtok=\toks17
\@mincolumnwidth=\dimen159
\c@newflo@tctr=\count196
\mem@margin@floatbox=\box47
\@contcwidth=\skip121
\@contindw=\skip122
\abovecaptionskip=\skip123
\belowcaptionskip=\skip124
\subfloattopskip=\skip125
\subfloatcapskip=\skip126
\subfloatcaptopadj=\skip127
\subfloatbottomskip=\skip128
\subfloatlabelskip=\skip129
\subfloatcapmargin=\dimen160
\c@@contsubnum=\count197
\m@mscap@capbox=\box48
\m@mscap@fbox=\box49
\sidecapsep=\dimen161
\sidecapwidth=\dimen162
\m@m@tempdima=\dimen163
\m@mscapraise=\dimen164
\sidecapraise=\dimen165
\m@mscapmainwidth=\dimen166
\m@mscaplkern=\dimen167
\beforeepigraphskip=\skip130
\afterepigraphskip=\skip131
\epigraphwidth=\skip132
\epigraphrule=\skip133
LaTeX Info: Redefining \em on input line 7662.
LaTeX Info: Redefining \emph on input line 7670.
\tocentryskip=\skip134
\tocbaseline=\skip135
\cftparskip=\skip136
\cftbeforebookskip=\skip137
\cftbookindent=\dimen168
\cftbooknumwidth=\dimen169
\cftbeforepartskip=\skip138
\cftpartindent=\skip139
\cftpartnumwidth=\skip140
\cftbeforechapterskip=\skip141
\cftchapterindent=\skip142
\cftchapternumwidth=\skip143
\cftbeforesectionskip=\skip144
\cftsectionindent=\skip145
\cftsectionnumwidth=\skip146
\cftbeforesubsectionskip=\skip147
\cftsubsectionindent=\skip148
\cftsubsectionnumwidth=\skip149
\cftbeforesubsubsectionskip=\skip150
\cftsubsubsectionindent=\skip151
\cftsubsubsectionnumwidth=\skip152
\cftbeforeparagraphskip=\skip153
\cftparagraphindent=\skip154
\cftparagraphnumwidth=\skip155
\cftbeforesubparagraphskip=\skip156
\cftsubparagraphindent=\skip157
\cftsubparagraphnumwidth=\skip158
\prechapterprecisshift=\dimen170
\c@maxsecnumdepth=\count198
\bibindent=\dimen171
\bibitemsep=\skip159
\indexcolsep=\skip160
\indexrule=\skip161
\indexmarkstyle=\toks18
\@indexbox=\insert199
\glossarycolsep=\dimen172
\glossaryrule=\dimen173
\sideparvshift=\skip162
\sideins=\insert252
\sidebartopsep=\skip163
\sidebarhsep=\skip164
\sidebarvsep=\skip165
\sidebarwidth=\skip166
\footmarkwidth=\skip167
\footmarksep=\skip168
\footparindent=\skip169
\footinsdim=\skip170
\footinsv@r=\insert251
\@mpfootinsv@r=\insert250
\m@m@k=\count266
\m@m@h=\dimen174
\m@mipn@skip=\skip171
\sidefootins=\insert249
\sidefootadjust=\skip172
\sidefootheight=\skip173
\sidefoothsep=\skip174
\sidefootvsep=\skip175
\sidefootwidth=\skip176
\m@mdownsf=\skip177
\c@sidefootnote=\count267
\sidefootmarkwidth=\skip178
\sidefootmarksep=\skip179
\sidefootparindent=\skip180
\c@pagenote=\count268
\c@pagenoteshadow=\count269
\mem@pn@lastkern=\skip181
\every@verbatim=\toks19
\afterevery@verbatim=\toks20
\verbatim@line=\toks21
\tab@position=\count270
\verbatim@in@stream=\read2
\verbatimindent=\skip182
\verbatim@out=\write3
\bvboxsep=\skip183
\c@memfbvline=\count271
\c@bvlinectr=\count272
\bvnumlength=\skip184
\fb@frw=\dimen175
\fb@frh=\dimen176
\FrameRule=\dimen177
\FrameSep=\dimen178
\c@cp@cntr=\count273
LaTeX Info: Redefining \: on input line 12187.
LaTeX Info: Redefining \! on input line 12189.
\c@ism@mctr=\count274
\c@xsm@mctr=\count275
\c@csm@mctr=\count276
\c@ksm@mctr=\count277
\c@xksm@mctr=\count278
\c@cksm@mctr=\count279
\c@msm@mctr=\count280
\c@xmsm@mctr=\count281
\c@cmsm@mctr=\count282
\c@bsm@mctr=\count283
\c@workm@mctr=\count284
\c@sheetsequence=\count285
\c@lastsheet=\count286
\c@lastpage=\count287

(/usr/share/texlive/texmf-dist/tex/latex/textcase/textcase.sty
Package: textcase 2019/09/14 v1.00 Text only upper/lower case changing (DPC)
)
\c@figure=\count288
\c@lofdepth=\count289
\cftbeforefigureskip=\skip185
\cftfigureindent=\skip186
\cftfigurenumwidth=\skip187
\c@table=\count290
\c@lotdepth=\count291
\cftbeforetableskip=\skip188
\cfttableindent=\skip189
\cfttablenumwidth=\skip190
Package abstract [2008/07/23] emulated by memoir.
Package appendix [2008/07/23] emulated by memoir.
Package booktabs [2016/05/16] emulated by memoir.
Package ccaption [2008/07/23] emulated by memoir.
Package changepage [2008/07/23] emulated by memoir.
Package chngcntr [2008/07/23] emulated by memoir.
Package chngpage [2008/07/23] emulated by memoir.
Package crop emulated by memoir.
Package enumerate [2008/07/23] emulated by memoir.
Package epigraph [2008/07/23] emulated by memoir.
Package ifmtarg [2008/07/23] emulated by memoir.
Package index [2008/07/23] emulated by memoir.
Package makeidx [2008/07/23] emulated by memoir.
Package moreverb [2008/07/23] emulated by memoir.
Package mparhack [2008/07/23] emulated by memoir.
Package needspace [2008/07/23] emulated by memoir.
Package newfile [2008/07/23] emulated by memoir.
Package nextpage [2008/07/23] emulated by memoir.
Package pagenote [2008/07/23] emulated by memoir.
Package parskip [2008/07/23] emulated by memoir.
Package patchcmd [2008/07/23] emulated by memoir.
Package setspace [2008/07/23] emulated by memoir.
Package shortvrb [2008/07/23] emulated by memoir.
Package showidx [2008/07/23] emulated by memoir.
Package titleref [2008/07/23] emulated by memoir.
Package titling [2008/07/23] emulated by memoir.
Package tocbibind [2008/07/23] emulated by memoir.
Package tocloft [2008/07/23] emulated by memoir.
Package tocvsec2 [2008/07/23] emulated by memoir.
Package verbatim [2008/07/23] emulated by memoir.
Package verse [2008/07/23] emulated by memoir.
)
(/usr/share/texlive/texmf-dist/tex/latex/hyperref/hyperref.sty
Package: hyperref 2020/01/14 v7.00d Hypertext links for LaTeX

(/usr/share/texlive/texmf-dist/tex/generic/ltxcmds/ltxcmds.sty
Package: ltxcmds 2019/12/15 v1.24 LaTeX kernel commands for general use (HO)
)
(/usr/share/texlive/texmf-dist/tex/latex/pdftexcmds/pdftexcmds.sty
Package: pdftexcmds 2019/11/24 v0.31 Utility functions of pdfTeX for LuaTeX (HO
)

(/usr/share/texlive/texmf-dist/tex/generic/infwarerr/infwarerr.sty
Package: infwarerr 2019/12/03 v1.5 Providing info/warning/error messages (HO)
)
Package pdftexcmds Info: \pdf@primitive is available.
Package pdftexcmds Info: \pdf@ifprimitive is available.
Package pdftexcmds Info: \pdfdraftmode found.
)
(/usr/share/texlive/texmf-dist/tex/latex/graphics/keyval.sty
Package: keyval 2014/10/28 v1.15 key=value parser (DPC)
\KV@toks@=\toks22
)
(/usr/share/texlive/texmf-dist/tex/generic/kvsetkeys/kvsetkeys.sty
Package: kvsetkeys 2019/12/15 v1.18 Key value parser (HO)
)
(/usr/share/texlive/texmf-dist/tex/generic/kvdefinekeys/kvdefinekeys.sty
Package: kvdefinekeys 2019-12-19 v1.6 Define keys (HO)
)
(/usr/share/texlive/texmf-dist/tex/generic/pdfescape/pdfescape.sty
Package: pdfescape 2019/12/09 v1.15 Implements pdfTeX's escape features (HO)
)
(/usr/share/texlive/texmf-dist/tex/latex/hycolor/hycolor.sty
Package: hycolor 2020-01-27 v1.10 Color options for hyperref/bookmark (HO)
)
(/usr/share/texlive/texmf-dist/tex/latex/letltxmacro/letltxmacro.sty
Package: letltxmacro 2019/12/03 v1.6 Let assignment for LaTeX macros (HO)
)
(/usr/share/texlive/texmf-dist/tex/latex/auxhook/auxhook.sty
Package: auxhook 2019-12-17 v1.6 Hooks for auxiliary files (HO)
)
(/usr/share/texlive/texmf-dist/tex/latex/kvoptions/kvoptions.sty
Package: kvoptions 2019/11/29 v3.13 Key value format for package options (HO)
)
\@linkdim=\dimen179
\Hy@linkcounter=\count292
\Hy@pagecounter=\count293

(/usr/share/texlive/texmf-dist/tex/latex/hyperref/pd1enc.def
File: pd1enc.def 2020/01/14 v7.00d Hyperref: PDFDocEncoding definition (HO)
Now handling font encoding PD1 ...
... no UTF-8 mapping file for font encoding PD1
)
(/usr/share/texlive/texmf-dist/tex/generic/intcalc/intcalc.sty
Package: intcalc 2019/12/15 v1.3 Expandable calculations with integers (HO)
)
(/usr/share/texlive/texmf-dist/tex/generic/etexcmds/etexcmds.sty
Package: etexcmds 2019/12/15 v1.7 Avoid name clashes with e-TeX commands (HO)
)
\Hy@SavedSpaceFactor=\count294
\pdfmajorversion=\count295
Package hyperref Info: Hyper figures OFF on input line 4547.
Package hyperref Info: Link nesting OFF on input line 4552.
Package hyperref Info: Hyper index ON on input line 4555.
Package hyperref Info: Plain pages OFF on input line 4562.
Package hyperref Info: Backreferencing OFF on input line 4567.
Package hyperref Info: Implicit mode ON; LaTeX internals redefined.
Package hyperref Info: Bookmarks ON on input line 4800.
\c@Hy@tempcnt=\count296

(/usr/share/texlive/texmf-dist/tex/latex/url/url.sty
\Urlmuskip=\muskip16
Package: url 2013/09/16  ver 3.4  Verb mode for urls, etc.
)
LaTeX Info: Redefining \url on input line 5159.
\XeTeXLinkMargin=\dimen180

(/usr/share/texlive/texmf-dist/tex/generic/bitset/bitset.sty
Package: bitset 2019/12/09 v1.3 Handle bit-vector datatype (HO)

(/usr/share/texlive/texmf-dist/tex/generic/bigintcalc/bigintcalc.sty
Package: bigintcalc 2019/12/15 v1.5 Expandable calculations on big integers (HO
)
))
\Fld@menulength=\count297
\Field@Width=\dimen181
\Fld@charsize=\dimen182
Package hyperref Info: Hyper figures OFF on input line 6430.
Package hyperref Info: Link nesting OFF on input line 6435.
Package hyperref Info: Hyper index ON on input line 6438.
Package hyperref Info: backreferencing OFF on input line 6445.
Package hyperref Info: Link coloring OFF on input line 6450.
Package hyperref Info: Link coloring with OCG OFF on input line 6455.
Package hyperref Info: PDF/A mode OFF on input line 6460.
LaTeX Info: Redefining \ref on input line 6500.
LaTeX Info: Redefining \pageref on input line 6504.

(/usr/share/texlive/texmf-dist/tex/generic/atbegshi/atbegshi.sty
Package: atbegshi 2019/12/05 v1.19 At begin shipout hook (HO)
)
\Hy@abspage=\count298
\c@Item=\count299
\c@Hfootnote=\count300
)
(/usr/share/texlive/texmf-dist/tex/latex/memoir/memhfixc.sty
Package: memhfixc 2019/10/24 v1.18 nameref/hyperref package fixes for memoir cl
ass
\c@memhycontfloat=\count301
\c@Hpagenote=\count302
)
Package hyperref Info: Driver (autodetected): hpdftex.

(/usr/share/texlive/texmf-dist/tex/latex/hyperref/hpdftex.def
File: hpdftex.def 2020/01/14 v7.00d Hyperref driver for pdfTeX

(/usr/share/texlive/texmf-dist/tex/latex/atveryend/atveryend.sty
Package: atveryend 2019-12-11 v1.11 Hooks at the very end of document (HO)
Package atveryend Info: \enddocument detected (standard20110627).
)
\Fld@listcount=\count303
\c@bookmark@seq@number=\count304

(/usr/share/texlive/texmf-dist/tex/latex/rerunfilecheck/rerunfilecheck.sty
Package: rerunfilecheck 2019/12/05 v1.9 Rerun checks for auxiliary files (HO)

(/usr/share/texlive/texmf-dist/tex/generic/uniquecounter/uniquecounter.sty
Package: uniquecounter 2019/12/15 v1.4 Provide unlimited unique counter (HO)
)
Package uniquecounter Info: New unique counter `rerunfilecheck' on input line 2
86.
)
\Hy@SectionHShift=\skip191
)
(/usr/share/texlive/texmf-dist/tex/latex/bookmark/bookmark.sty
Package: bookmark 2019/12/03 v1.28 PDF bookmarks (HO)

(/usr/share/texlive/texmf-dist/tex/latex/bookmark/bkm-pdftex.def
File: bkm-pdftex.def 2019/12/03 v1.28 bookmark driver for pdfTeX (HO)
\BKM@id=\count305
))
(/usr/share/texlive/texmf-dist/tex/generic/babel/babel.sty
Package: babel 2020/02/14 3.40 The Babel package

(/usr/share/texlive/texmf-dist/tex/generic/babel/switch.def
File: switch.def 2020/02/14 3.40 Babel switching mechanism
)
(/usr/share/texlive/texmf-dist/tex/generic/babel-portuges/portuges.ldf
Language: portuges 2008/03/18 v1.2q Portuguese support from the babel system

(/usr/share/texlive/texmf-dist/tex/generic/babel/babel.def
File: babel.def 2020/02/14 3.40 Babel common definitions
\babel@savecnt=\count306
\U@D=\dimen183

(/usr/share/texlive/texmf-dist/tex/generic/babel/txtbabel.def)
\bbl@readstream=\read3
\bbl@dirlevel=\count307
)
Package babel Info: \l@brazil = using hyphenrules for portuguese
(babel)             (\language36) on input line 113.
Package babel Info: Making " an active character on input line 145.
))
(/usr/share/texlive/texmf-dist/tex/latex/enumitem/enumitem.sty
Package: enumitem 2019/06/20 v3.9 Customized lists
\labelindent=\skip192
\enit@outerparindent=\dimen184
\enit@toks=\toks23
\enit@inbox=\box50
\enit@count@id=\count308
\enitdp@description=\count309
)
(/usr/share/texlive/texmf-dist/tex/latex/tools/calc.sty
Package: calc 2017/05/25 v4.3 Infix arithmetic (KKT,FJ)
\calc@Acount=\count310
\calc@Bcount=\count311
\calc@Adimen=\dimen185
\calc@Bdimen=\dimen186
\calc@Askip=\skip193
\calc@Bskip=\skip194
LaTeX Info: Redefining \setlength on input line 80.
LaTeX Info: Redefining \addtolength on input line 81.
\calc@Ccount=\count312
\calc@Cskip=\skip195
)

******************************************************
Stock height and width: 845.04684pt by 597.50787pt
Top and edge trims: 0pt and 0pt
Page height and width: 845.04684pt by 597.50787pt
Text height and width: 708pt by 455pt
Spine and edge margins: 85.35826pt and 56.9055pt
Upper and lower margins: 85.35826pt and 51.68858pt
Headheight and headsep: 14.5pt and 19.8738pt
Footskip: 30pt
Columnsep and columnseprule: 10pt and 0pt
Marginparsep and marginparwidth: 7pt and 42.9055pt
Sidecapsep and sidecapwidth: 7pt and 42pt
Sidebarhsep and sidebarwidth: 7pt and 42pt
Sidebarvsep and sidebartopsep: 14.5pt and 0pt
Sidebarheight: 590.14995pt
Sidefoothsep and sidefootwidth: 7pt and 42pt
Sidefootvsep and sidefootheight: 14.5pt and 590.14995pt
******************************************************

\c@abntex@bookmarkcounter=\count313
\cftlastnumwidth=\skip196
\chapternamenumlength=\skip197
\ABNTEXcitacaorecuo=\skip198
\c@alineasi=\count314
\c@alineasii=\count315
\enitdp@alineas=\count316
\c@subalineasi=\count317
\enitdp@subalineas=\count318
\c@incisosi=\count319
\enitdp@incisos=\count320
\ABNTEXsignwidth=\skip256
\ABNTEXsignthickness=\skip257
\ABNTEXsignskip=\skip258
) (/usr/share/texlive/texmf-dist/tex/latex/ae/ae.sty
Package: ae 2001/02/12 1.3 Almost European Computer Modern

(/usr/share/texlive/texmf-dist/tex/latex/base/fontenc.sty
Package: fontenc 2020/02/11 v2.0o Standard LaTeX package
))
(/usr/share/texlive/texmf-dist/tex/latex/base/fontenc.sty
Package: fontenc 2020/02/11 v2.0o Standard LaTeX package
LaTeX Font Info:    Trying to load font information for T1+aer on input line 11
2.

(/usr/share/texlive/texmf-dist/tex/latex/ae/t1aer.fd
File: t1aer.fd 1997/11/16 Font definitions for T1/aer.
))
(/usr/share/texlive/texmf-dist/tex/latex/base/inputenc.sty
Package: inputenc 2018/08/11 v1.3c Input encoding file
\inpenc@prehook=\toks24
\inpenc@posthook=\toks25
)
(/usr/share/texlive/texmf-dist/tex/latex/abntex2/abntex2cite.sty
Package: abntex2cite 2018/11/24 v-1.9.7 abnTeX2

(/usr/share/texlive/texmf-dist/tex/latex/abntex2/abntex2abrev.sty)
\minimumbiblabelwidth=\skip259
\ABCIauxlen=\skip260
\c@ABCIaux=\count321
\c@ABCImax=\count322

(/usr/share/texlive/texmf-dist/tex/generic/iftex/ifpdf.sty
Package: ifpdf 2019/10/25 v3.4 ifpdf legacy package. Use iftex instead.
)
(/usr/share/texlive/texmf-dist/tex/generic/iftex/ifxetex.sty
Package: ifxetex 2019/10/25 v0.7 ifxetex legacy package. Use iftex instead.
)
(/usr/share/texlive/texmf-dist/tex/latex/relsize/relsize.sty
Package: relsize 2013/03/29 ver 4.1
)
\biblabelsep=\skip261
LaTeX Info: Redefining \newblock on input line 591.
LaTeX Info: Redefining \cite on input line 862.
\ABCItoken=\toks26
)
(/usr/share/texlive/texmf-dist/tex/latex/graphics/color.sty
Package: color 2019/11/23 v1.2a Standard LaTeX Color (DPC)

(/usr/share/texlive/texmf-dist/tex/latex/graphics-cfg/color.cfg
File: color.cfg 2016/01/02 v1.6 sample color configuration
)
Package color Info: Driver file: pdftex.def on input line 147.

(/usr/share/texlive/texmf-dist/tex/latex/graphics-def/pdftex.def
File: pdftex.def 2018/01/08 v1.0l Graphics/color driver for pdftex
))
(/usr/share/texlive/texmf-dist/tex/latex/psnfss/pifont.sty
Package: pifont 2005/04/12 PSNFSS-v9.2a Pi font support (SPQR) 
LaTeX Font Info:    Trying to load font information for U+pzd on input line 63.


(/usr/share/texlive/texmf-dist/tex/latex/psnfss/upzd.fd
File: upzd.fd 2001/06/04 font definitions for U/pzd.
)
LaTeX Font Info:    Trying to load font information for U+psy on input line 64.


(/usr/share/texlive/texmf-dist/tex/latex/psnfss/upsy.fd
File: upsy.fd 2001/06/04 font definitions for U/psy.
))
(/usr/share/texlive/texmf-dist/tex/latex/lastpage/lastpage.sty
Package: lastpage 2015/03/29 v1.2m Refers to last page's name (HMM; JPG)
)
(/usr/share/texlive/texmf-dist/tex/latex/pdfpages/pdfpages.sty
Package: pdfpages 2020/01/28 v0.5q Insert pages of external PDF documents (AM)

(/usr/share/texlive/texmf-dist/tex/latex/eso-pic/eso-pic.sty
Package: eso-pic 2018/04/12 v2.0h eso-pic (RN)
)
(/usr/share/texlive/texmf-dist/tex/latex/graphics/graphicx.sty
Package: graphicx 2019/11/30 v1.2a Enhanced LaTeX Graphics (DPC,SPQR)

(/usr/share/texlive/texmf-dist/tex/latex/graphics/graphics.sty
Package: graphics 2019/11/30 v1.4a Standard LaTeX Graphics (DPC,SPQR)

(/usr/share/texlive/texmf-dist/tex/latex/graphics/trig.sty
Package: trig 2016/01/03 v1.10 sin cos tan (DPC)
)
(/usr/share/texlive/texmf-dist/tex/latex/graphics-cfg/graphics.cfg
File: graphics.cfg 2016/06/04 v1.11 sample graphics configuration
)
Package graphics Info: Driver file: pdftex.def on input line 105.
)
\Gin@req@height=\dimen187
\Gin@req@width=\dimen188
)
\AM@pagewidth=\dimen189
\AM@pageheight=\dimen190

(/usr/share/texlive/texmf-dist/tex/latex/pdfpages/pppdftex.def
File: pppdftex.def 2020/01/28 v0.5q Pdfpages driver for pdfTeX (AM)
)
\AM@pagebox=\box51
\AM@global@opts=\toks27
\AM@pagecnt=\count323
\AM@toc@title=\toks28
\c@AM@survey=\count324
\AM@templatesizebox=\box52
)
(/usr/share/texlive/texmf-dist/tex/latex/etoolbox/etoolbox.sty
Package: etoolbox 2019/09/21 v2.5h e-TeX tools for LaTeX (JAW)
\etb@tempcnta=\count325
)
(/usr/share/texlive/texmf-dist/tex/latex/algorithms/algorithm.sty
Package: algorithm 2009/08/24 v0.1 Document Style `algorithm' - floating enviro
nment

(/usr/share/texlive/texmf-dist/tex/latex/float/float.sty
Package: float 2001/11/08 v1.3d Float enhancements (AL)
\c@float@type=\count326
\float@exts=\toks29
\float@box=\box53
\@float@everytoks=\toks30
\@floatcapt=\box54
)
\@float@every@algorithm=\toks31
\c@algorithm=\count327
)
(/usr/share/texlive/texmf-dist/tex/latex/algorithms/algorithmic.sty
Package: algorithmic 2009/08/24 v0.1 Document Style `algorithmic'
\c@ALC@unique=\count328
\c@ALC@line=\count329
\c@ALC@rem=\count330
\c@ALC@depth=\count331
\ALC@tlm=\skip262
\algorithmicindent=\skip263
)
(/usr/share/texlive/texmf-dist/tex/latex/nomencl/nomencl.sty
Package: nomencl 2019/11/23 v5.3 Nomenclature package

(/usr/share/texlive/texmf-dist/tex/latex/xkeyval/xkeyval.sty
Package: xkeyval 2014/12/03 v2.7a package option processing (HA)

(/usr/share/texlive/texmf-dist/tex/generic/xkeyval/xkeyval.tex
(/usr/share/texlive/texmf-dist/tex/generic/xkeyval/xkvutils.tex
\XKV@toks=\toks32
\XKV@tempa@toks=\toks33
)
\XKV@depth=\count332
File: xkeyval.tex 2014/12/03 v2.7a key=value parser (HA)
))
(/usr/share/texlive/texmf-dist/tex/latex/koma-script/tocbasic.sty
Package: tocbasic 2020/01/24 v3.29 KOMA-Script package (handling toc-files)

(/usr/share/texlive/texmf-dist/tex/latex/koma-script/scrbase.sty
Package: scrbase 2020/01/24 v3.29 KOMA-Script package (KOMA-Script-independent 
basics and keyval usage)

(/usr/share/texlive/texmf-dist/tex/latex/koma-script/scrlfile.sty
Package: scrlfile 2020/01/24 v3.29 KOMA-Script package (loading files)
Package scrlfile Info: class `memoir' detected.
(scrlfile)             Using a compatible redefinition of \InputIfFileExists,
(scrlfile)             but always robust and with the fix of the
(scrlfile)             argument order bug even for old versions of the
(scrlfile)             LaTeX kernel on input line 72.
))
\scr@dte@tocline@numberwidth=\skip264
\scr@dte@tocline@numbox=\box55
)
Package tocbasic Info: setting babel extension for `nlo' on input line 163.
Package tocbasic Info: setting babel extension for `nls' on input line 164.
\nomlabelwidth=\dimen191
\nom@tempdim=\dimen192
\nomitemsep=\skip265
)
(/usr/share/texlive/texmf-dist/tex/latex/datetime/datetime.sty
Package: datetime 2015/03/20 v2.60 Date Time Package

(/usr/share/texlive/texmf-dist/tex/latex/fmtcount/fmtcount.sty
Package: fmtcount 2020/01/30 v3.06

(/usr/share/texlive/texmf-dist/tex/latex/fmtcount/fcprefix.sty
Package: fcprefix 2012/09/28

(/usr/share/texlive/texmf-dist/tex/latex/fmtcount/fcnumparser.sty
Package: fcnumparser 2017/06/15
\fc@digit@counter=\count333
))
(/usr/share/texlive/texmf-dist/tex/latex/amsmath/amsgen.sty
File: amsgen.sty 1999/11/30 v2.0 generic functions
\@emptytoks=\toks34
\ex@=\dimen193
)
\c@padzeroesN=\count334
\fc@tmpcatcode=\count335

(/usr/share/texlive/texmf-dist/tex/latex/fmtcount/fc-portuges.def
File: fc-portuges.def 2017/12/26
)
\@DT@modctr=\count336
\@ordinalctr=\count337
\@orgargctr=\count338
\@strctr=\count339
\@tmpstrctr=\count340
\@DT@loopN=\count341
\@DT@X=\count342


Package fmtcount Warning: \ordinal already defined use \FCordinal instead. on i
nput line 466.

) (/usr/share/texlive/texmf-dist/tex/latex/datetime/datetime-defaults.sty
Package: datetime-defaults 2013/09/10
)
\@day=\count343
\@month=\count344
\@year=\count345
\c@HOUR=\count346
\c@HOURXII=\count347
\c@MINUTE=\count348
\c@TOHOUR=\count349
\c@TOMINUTE=\count350
\c@SECOND=\count351
\currenthour=\count352
\currentminute=\count353
\currentsecond=\count354
Package datetime Info: No datetime.cfg file found, using default settings on in
put line 308.
\@dtctr=\count355
\dayofyear=\count356
\dayofweek=\count357
LaTeX Info: Redefining \today on input line 736.
\dt@a=\toks35
\dt@b=\toks36
)
\c@subfigure=\count358
\cftbeforesubfigureskip=\skip266
\cftsubfigureindent=\skip267
\cftsubfigurenumwidth=\skip268
Package color Info: Redefining color blue on input line 98.
Package hyperref Info: Option `colorlinks' set `true' on input line 117.
\titlepagewinwidth=\skip269
\titlepagewinheight=\skip270
\titlepagewinvoffset=\skip271
)
(/usr/share/texlive/texmf-dist/tex/latex/cmap/cmap.sty
Package: cmap 2008/03/06 v1.0h CMap support: searchable PDF


Package cmap Warning: fontenc already loaded - some fonts may be unprocessed.

) (/usr/share/texmf/tex/latex/lm/lmodern.sty
Package: lmodern 2009/10/30 v1.6 Latin Modern Fonts
LaTeX Font Info:    Overwriting symbol font `operators' in version `normal'
(Font)                  OT1/cmr/m/n --> OT1/lmr/m/n on input line 22.
LaTeX Font Info:    Overwriting symbol font `letters' in version `normal'
(Font)                  OML/cmm/m/it --> OML/lmm/m/it on input line 23.
LaTeX Font Info:    Overwriting symbol font `symbols' in version `normal'
(Font)                  OMS/cmsy/m/n --> OMS/lmsy/m/n on input line 24.
LaTeX Font Info:    Overwriting symbol font `largesymbols' in version `normal'
(Font)                  OMX/cmex/m/n --> OMX/lmex/m/n on input line 25.
LaTeX Font Info:    Overwriting symbol font `operators' in version `bold'
(Font)                  OT1/cmr/bx/n --> OT1/lmr/bx/n on input line 26.
LaTeX Font Info:    Overwriting symbol font `letters' in version `bold'
(Font)                  OML/cmm/b/it --> OML/lmm/b/it on input line 27.
LaTeX Font Info:    Overwriting symbol font `symbols' in version `bold'
(Font)                  OMS/cmsy/b/n --> OMS/lmsy/b/n on input line 28.
LaTeX Font Info:    Overwriting symbol font `largesymbols' in version `bold'
(Font)                  OMX/cmex/m/n --> OMX/lmex/m/n on input line 29.
LaTeX Font Info:    Overwriting math alphabet `\mathbf' in version `normal'
(Font)                  OT1/cmr/bx/n --> OT1/lmr/bx/n on input line 31.
LaTeX Font Info:    Overwriting math alphabet `\mathsf' in version `normal'
(Font)                  OT1/cmss/m/n --> OT1/lmss/m/n on input line 32.
LaTeX Font Info:    Overwriting math alphabet `\mathit' in version `normal'
(Font)                  OT1/cmr/m/it --> OT1/lmr/m/it on input line 33.
LaTeX Font Info:    Overwriting math alphabet `\mathtt' in version `normal'
(Font)                  OT1/cmtt/m/n --> OT1/lmtt/m/n on input line 34.
LaTeX Font Info:    Overwriting math alphabet `\mathbf' in version `bold'
(Font)                  OT1/cmr/bx/n --> OT1/lmr/bx/n on input line 35.
LaTeX Font Info:    Overwriting math alphabet `\mathsf' in version `bold'
(Font)                  OT1/cmss/bx/n --> OT1/lmss/bx/n on input line 36.
LaTeX Font Info:    Overwriting math alphabet `\mathit' in version `bold'
(Font)                  OT1/cmr/bx/it --> OT1/lmr/bx/it on input line 37.
LaTeX Font Info:    Overwriting math alphabet `\mathtt' in version `bold'
(Font)                  OT1/cmtt/m/n --> OT1/lmtt/m/n on input line 38.
)
(/usr/share/texlive/texmf-dist/tex/latex/tools/indentfirst.sty
Package: indentfirst 1995/11/23 v1.03 Indent first paragraph (DPC)
)
(/usr/share/texlive/texmf-dist/tex/latex/lipsum/lipsum.sty
(/usr/share/texlive/texmf-dist/tex/latex/l3kernel/expl3.sty
Package: expl3 2020-02-14 L3 programming layer (loader) 

(/usr/share/texlive/texmf-dist/tex/latex/l3backend/l3backend-pdfmode.def
File: l3backend-pdfmode.def 2020-02-03 L3 backend support: PDF mode
\l__kernel_color_stack_int=\count359
\l__pdf_internal_box=\box56
))
(/usr/share/texlive/texmf-dist/tex/latex/l3packages/xparse/xparse.sty
Package: xparse 2020-02-14 L3 Experimental document command parser
\l__xparse_current_arg_int=\count360
\g__xparse_grabber_int=\count361
\l__xparse_m_args_int=\count362
\l__xparse_v_nesting_int=\count363
)
Package: lipsum 2019/01/02 v2.2 150 paragraphs of Lorem Ipsum dummy text

(/usr/share/texlive/texmf-dist/tex/latex/lipsum/lipsum.ltd.tex
File: lipsum.ltd.tex 2019/01/02 v2.2 The Lorem ipsum dummy text
))
(/usr/share/texlive/texmf-dist/tex/latex/acronym/acronym.sty
Package: acronym 2019/11/11 v1.42 Support for acronyms (Tobias Oetiker)

(/usr/share/texlive/texmf-dist/tex/latex/bigfoot/suffix.sty
Package: suffix 2006/07/15 1.5a Variant command support
)
(/usr/share/texlive/texmf-dist/tex/generic/xstring/xstring.sty
(/usr/share/texlive/texmf-dist/tex/generic/xstring/xstring.tex
\integerpart=\count364
\decimalpart=\count365
)
Package: xstring 2019/02/06 v1.83 String manipulations (CT)
)
\AC@clearlist=\toks37
)
(/usr/share/texlive/texmf-dist/tex/latex/xcolor/xcolor.sty
Package: xcolor 2016/05/11 v2.12 LaTeX color extensions (UK)

(/usr/share/texlive/texmf-dist/tex/latex/graphics-cfg/color.cfg
File: color.cfg 2016/01/02 v1.6 sample color configuration
)
Package xcolor Info: Driver file: pdftex.def on input line 225.

(/usr/share/texlive/texmf-dist/tex/latex/colortbl/colortbl.sty
Package: colortbl 2020/01/04 v1.0e Color table columns (DPC)
\everycr=\toks38
\minrowclearance=\skip272
)
LaTeX Info: Redefining \color on input line 709.
\rownum=\count366
Package xcolor Info: Model `cmy' substituted by `cmy0' on input line 1348.
Package xcolor Info: Model `hsb' substituted by `rgb' on input line 1352.
Package xcolor Info: Model `RGB' extended on input line 1364.
Package xcolor Info: Model `HTML' substituted by `rgb' on input line 1366.
Package xcolor Info: Model `Hsb' substituted by `hsb' on input line 1367.
Package xcolor Info: Model `tHsb' substituted by `hsb' on input line 1368.
Package xcolor Info: Model `HSB' substituted by `hsb' on input line 1369.
Package xcolor Info: Model `Gray' substituted by `gray' on input line 1370.
Package xcolor Info: Model `wave' substituted by `hsb' on input line 1371.
)
(/usr/share/texlive/texmf-dist/tex/latex/listings/listings.sty
\lst@mode=\count367
\lst@gtempboxa=\box57
\lst@token=\toks39
\lst@length=\count368
\lst@currlwidth=\dimen194
\lst@column=\count369
\lst@pos=\count370
\lst@lostspace=\dimen195
\lst@width=\dimen196
\lst@newlines=\count371
\lst@lineno=\count372
\lst@maxwidth=\dimen197

(/usr/share/texlive/texmf-dist/tex/latex/listings/lstmisc.sty
File: lstmisc.sty 2019/09/10 1.8c (Carsten Heinz)
\c@lstnumber=\count373
\lst@skipnumbers=\count374
\lst@framebox=\box58
)
(/usr/share/texlive/texmf-dist/tex/latex/listings/listings.cfg
File: listings.cfg 2019/09/10 1.8c listings configuration
))
Package: listings 2019/09/10 1.8c (Carsten Heinz)

(/usr/share/texlive/texmf-dist/tex/latex/amsmath/amsmath.sty
Package: amsmath 2020/01/20 v2.17e AMS math features
\@mathmargin=\skip273

For additional information on amsmath, use the `?' option.
(/usr/share/texlive/texmf-dist/tex/latex/amsmath/amstext.sty
Package: amstext 2000/06/29 v2.01 AMS text
)
(/usr/share/texlive/texmf-dist/tex/latex/amsmath/amsbsy.sty
Package: amsbsy 1999/11/29 v1.2d Bold Symbols
\pmbraise@=\dimen198
)
(/usr/share/texlive/texmf-dist/tex/latex/amsmath/amsopn.sty
Package: amsopn 2016/03/08 v2.02 operator names
)
\inf@bad=\count375
LaTeX Info: Redefining \frac on input line 227.
\uproot@=\count376
\leftroot@=\count377
LaTeX Info: Redefining \overline on input line 389.
\classnum@=\count378
\DOTSCASE@=\count379
LaTeX Info: Redefining \ldots on input line 486.
LaTeX Info: Redefining \dots on input line 489.
LaTeX Info: Redefining \cdots on input line 610.
\Mathstrutbox@=\box59
\strutbox@=\box60
\big@size=\dimen256
LaTeX Font Info:    Redeclaring font encoding OML on input line 733.
LaTeX Font Info:    Redeclaring font encoding OMS on input line 734.
\macc@depth=\count380
\c@MaxMatrixCols=\count381
\dotsspace@=\muskip17
\c@parentequation=\count382
\dspbrk@lvl=\count383
\tag@help=\toks40
\row@=\count384
\column@=\count385
\maxfields@=\count386
\andhelp@=\toks41
\eqnshift@=\dimen257
\alignsep@=\dimen258
\tagshift@=\dimen259
\tagwidth@=\dimen260
\totwidth@=\dimen261
\lineht@=\dimen262
\@envbody=\toks42
\multlinegap=\skip274
\multlinetaggap=\skip275
\mathdisplay@stack=\toks43
LaTeX Info: Redefining \[ on input line 2859.
LaTeX Info: Redefining \] on input line 2860.
)
(/usr/share/texlive/texmf-dist/tex/latex/cite/cite.sty
LaTeX Info: Redefining \cite on input line 302.
LaTeX Info: Redefining \nocite on input line 332.
Package: cite 2015/02/27  v 5.5
)
(/usr/share/texlive/texmf-dist/tex/latex/pdflscape/pdflscape.sty
Package: pdflscape 2019/12/05 v0.12 Display of landscape pages in PDF (HO)

(/usr/share/texlive/texmf-dist/tex/latex/graphics/lscape.sty
Package: lscape 2000/10/22 v3.01 Landscape Pages (DPC)
)
Package pdflscape Info: Auto-detected driver: pdftex on input line 81.
)
\main_tcc_ufu@idxfile=\write4
\openout4 = `main_tcc_ufu.idx'.


Writing index file main_tcc_ufu.idx 
\@nomenclaturefile=\write5
\openout5 = `main_tcc_ufu.nlo'.

Package nomencl Info: Writing nomenclature file main_tcc_ufu.nlo on input line 
91.
(../output/main_tcc_ufu.aux (../output/abrev/Abreviaturas.aux)
(../output/cap_introducao/introducao.aux)
(../output/cap_fundamentacao/fundamentacao.aux)
(../output/cap_proposta/proposta.aux)
(../output/cap_experimentos/experimentos.aux)
(../output/cap_conclusao/conclusao.aux)
(../output/ape_codigos_python/codigos.aux)
(../output/ape_codigos_mosquitto/codigos.aux)
(../output/ape_codigos_exp1/codigos.aux)
(../output/ape_codigos_exp2/codigos.aux)
(../output/ane_mosq_bridge_doc/anexo_man_bridge.aux)
(../output/ane_esp_kit/anexo_esp_kit.aux)
(../output/ane_esp_mod/anexo_esp_mod.aux))
\openout1 = `main_tcc_ufu.aux'.

LaTeX Font Info:    Checking defaults for OML/cmm/m/it on input line 126.
LaTeX Font Info:    ... okay on input line 126.
LaTeX Font Info:    Checking defaults for OMS/cmsy/m/n on input line 126.
LaTeX Font Info:    ... okay on input line 126.
LaTeX Font Info:    Checking defaults for OT1/cmr/m/n on input line 126.
LaTeX Font Info:    ... okay on input line 126.
LaTeX Font Info:    Checking defaults for T1/cmr/m/n on input line 126.
LaTeX Font Info:    ... okay on input line 126.
LaTeX Font Info:    Checking defaults for TS1/cmr/m/n on input line 126.
LaTeX Font Info:    ... okay on input line 126.
LaTeX Font Info:    Checking defaults for OMX/cmex/m/n on input line 126.
LaTeX Font Info:    ... okay on input line 126.
LaTeX Font Info:    Checking defaults for U/cmr/m/n on input line 126.
LaTeX Font Info:    ... okay on input line 126.
LaTeX Font Info:    Checking defaults for PD1/pdf/m/n on input line 126.
LaTeX Font Info:    ... okay on input line 126.
LaTeX Font Info:    Trying to load font information for T1+lmr on input line 12
6.

(/usr/share/texmf/tex/latex/lm/t1lmr.fd
File: t1lmr.fd 2009/10/30 v1.6 Font defs for Latin Modern
)<<t1.cmap>>
\AtBeginShipoutBox=\box61
Package hyperref Info: Link coloring ON on input line 126.

(/usr/share/texlive/texmf-dist/tex/latex/hyperref/nameref.sty
Package: nameref 2019/09/16 v2.46 Cross-referencing by name of section

(/usr/share/texlive/texmf-dist/tex/latex/refcount/refcount.sty
Package: refcount 2019/12/15 v3.6 Data extraction from label references (HO)
)
(/usr/share/texlive/texmf-dist/tex/generic/gettitlestring/gettitlestring.sty
Package: gettitlestring 2019/12/15 v1.6 Cleanup title references (HO)
)
\c@section@level=\count387
)
Redoing nameref's sectioning
Redoing nameref's label
LaTeX Info: Redefining \nameref on input line 126.
LaTeX Info: Redefining \ref on input line 126.
LaTeX Info: Redefining \pageref on input line 126.
LaTeX Info: Redefining \nameref on input line 126.
\myptabbox=\box62
\myptabboxwidth=\skip276
(/usr/share/texlive/texmf-dist/tex/context/base/mkii/supp-pdf.mkii
[Loading MPS to PDF converter (version 2006.09.02).]
\scratchcounter=\count388
\scratchdimen=\dimen263
\scratchbox=\box63
\nofMPsegments=\count389
\nofMParguments=\count390
\everyMPshowfont=\toks44
\MPscratchCnt=\count391
\MPscratchDim=\dimen264
\MPnumerator=\count392
\makeMPintoPDFobject=\count393
\everyMPtoPDFconversion=\toks45
) (/usr/share/texlive/texmf-dist/tex/latex/epstopdf-pkg/epstopdf-base.sty
Package: epstopdf-base 2020-01-24 v2.11 Base part for package epstopdf
Package epstopdf-base Info: Redefining graphics rule for `.eps' on input line 4
85.

(/usr/share/texlive/texmf-dist/tex/latex/latexconfig/epstopdf-sys.cfg
File: epstopdf-sys.cfg 2010/07/13 v1.3 Configuration of (r)epstopdf for TeX Liv
e
))
Package lastpage Info: Please have a look at the pageslts package at
(lastpage)             https://www.ctan.org/pkg/pageslts
(lastpage)             ! on input line 126.
\c@lstlisting=\count394

Overfull \vbox (23.76219pt too high) detected at line 137
 []

[1

{/var/lib/texmf/fonts/map/pdftex/updmap/pdftex.map}]
\tampar=\skip277
\tamconcetracao=\skip278
\tamorientador=\skip279
\tamcoorientador=\skip280

Underfull \hbox (badness 1237) in paragraph at lines 137--137
[]\T1/lmr/m/n/12 Trabalho de Con-clu-são de Curso apre-sen-tado à
 []


Underfull \hbox (badness 1715) in paragraph at lines 137--137
\T1/lmr/m/n/12 ob-ten-ção do tí-tulo de Ba-cha-rel em En-ge-nha-ria
 []


Underfull \hbox (badness 10000) in paragraph at lines 137--137

 []


Underfull \hbox (badness 10000) in paragraph at lines 137--137

 []

pdfTeX warning (ext4): destination with the same identifier (name{page.1}) has 
been already used, duplicate ignored
<to be read again> 
                   \relax 
l.137 \maketitle
                 [1



]
<fichaCatalografica.pdf, id=17, 597.23125pt x 845.1575pt>
File: fichaCatalografica.pdf Graphic file (type pdf)
<use fichaCatalografica.pdf>
Package pdftex.def Info: fichaCatalografica.pdf  used on input line 137.
(pdftex.def)             Requested size: 597.22978pt x 845.15544pt.
File: fichaCatalografica.pdf Graphic file (type pdf)
<use fichaCatalografica.pdf>
Package pdftex.def Info: fichaCatalografica.pdf  used on input line 137.
(pdftex.def)             Requested size: 597.22978pt x 845.15544pt.
<fichaCatalografica.pdf, id=20, page=1, 597.23125pt x 845.1575pt>
File: fichaCatalografica.pdf Graphic file (type pdf)
<use fichaCatalografica.pdf, page 1>
Package pdftex.def Info: fichaCatalografica.pdf , page1 used on input line 137.

(pdftex.def)             Requested size: 597.22978pt x 845.15544pt.
File: fichaCatalografica.pdf Graphic file (type pdf)
<use fichaCatalografica.pdf, page 1>
Package pdftex.def Info: fichaCatalografica.pdf , page1 used on input line 137.

(pdftex.def)             Requested size: 597.25711pt x 845.19412pt.
File: fichaCatalografica.pdf Graphic file (type pdf)
<use fichaCatalografica.pdf, page 1>
Package pdftex.def Info: fichaCatalografica.pdf , page1 used on input line 137.

(pdftex.def)             Requested size: 597.25711pt x 845.19412pt.
File: fichaCatalografica.pdf Graphic file (type pdf)
<use fichaCatalografica.pdf, page 1>
Package pdftex.def Info: fichaCatalografica.pdf , page1 used on input line 137.

(pdftex.def)             Requested size: 597.25711pt x 845.19412pt.
File: fichaCatalografica.pdf Graphic file (type pdf)
<use fichaCatalografica.pdf, page 1>
Package pdftex.def Info: fichaCatalografica.pdf , page1 used on input line 137.

(pdftex.def)             Requested size: 597.25711pt x 845.19412pt.
 [2 <./fichaCatalografica.pdf>]
<folhaAprovacao.pdf, id=28, 597.50786pt x 845.04686pt>
File: folhaAprovacao.pdf Graphic file (type pdf)
<use folhaAprovacao.pdf>
Package pdftex.def Info: folhaAprovacao.pdf  used on input line 137.
(pdftex.def)             Requested size: 597.5064pt x 845.0448pt.
File: folhaAprovacao.pdf Graphic file (type pdf)
<use folhaAprovacao.pdf>
Package pdftex.def Info: folhaAprovacao.pdf  used on input line 137.
(pdftex.def)             Requested size: 597.5064pt x 845.0448pt.
<folhaAprovacao.pdf, id=31, page=1, 597.50786pt x 845.04686pt>
File: folhaAprovacao.pdf Graphic file (type pdf)
<use folhaAprovacao.pdf, page 1>
Package pdftex.def Info: folhaAprovacao.pdf , page1 used on input line 137.
(pdftex.def)             Requested size: 597.5064pt x 845.0448pt.
File: folhaAprovacao.pdf Graphic file (type pdf)
<use folhaAprovacao.pdf, page 1>
Package pdftex.def Info: folhaAprovacao.pdf , page1 used on input line 137.
(pdftex.def)             Requested size: 597.53374pt x 845.08348pt.
File: folhaAprovacao.pdf Graphic file (type pdf)
<use folhaAprovacao.pdf, page 1>
Package pdftex.def Info: folhaAprovacao.pdf , page1 used on input line 137.
(pdftex.def)             Requested size: 597.53374pt x 845.08348pt.
File: folhaAprovacao.pdf Graphic file (type pdf)
<use folhaAprovacao.pdf, page 1>
Package pdftex.def Info: folhaAprovacao.pdf , page1 used on input line 137.
(pdftex.def)             Requested size: 597.53374pt x 845.08348pt.
File: folhaAprovacao.pdf Graphic file (type pdf)
<use folhaAprovacao.pdf, page 1>
Package pdftex.def Info: folhaAprovacao.pdf , page1 used on input line 137.
(pdftex.def)             Requested size: 597.53374pt x 845.08348pt.
 [3

 <./folhaAprovacao.pdf>]
[4

]

LaTeX Font Warning: Font shape `T1/lmr/bx/sc' undefined
(Font)              using `T1/lmr/bx/n' instead on input line 158.

LaTeX Font Info:    Trying to load font information for T1+lmss on input line 1
58.
(/usr/share/texmf/tex/latex/lm/t1lmss.fd
File: t1lmss.fd 2009/10/30 v1.6 Font defs for Latin Modern
)

LaTeX Font Warning: Font shape `T1/lmss/bx/sc' undefined
(Font)              using `T1/lmss/bx/n' instead on input line 158.

[5


] [6

]
Package acronym Info: Label `acro:IOT' newly defined as it shall be overridden
although it is yet undefined on input line 178.
Package acronym Info: Label `acro:MQTT' newly defined as it shall be overridden

although it is yet undefined on input line 181.
 [7


] [8

] (../output/main_tcc_ufu.lof
LaTeX Font Info:    Trying to load font information for OT1+lmr on input line 2
.

(/usr/share/texmf/tex/latex/lm/ot1lmr.fd
File: ot1lmr.fd 2009/10/30 v1.6 Font defs for Latin Modern
)<<ot1.cmap>>
LaTeX Font Info:    Trying to load font information for OML+lmm on input line 2
.

(/usr/share/texmf/tex/latex/lm/omllmm.fd
File: omllmm.fd 2009/10/30 v1.6 Font defs for Latin Modern
)<<oml.cmap>>
LaTeX Font Info:    Trying to load font information for OMS+lmsy on input line 
2.

(/usr/share/texmf/tex/latex/lm/omslmsy.fd
File: omslmsy.fd 2009/10/30 v1.6 Font defs for Latin Modern
)<<oms.cmap>>
LaTeX Font Info:    Trying to load font information for OMX+lmex on input line 
2.

(/usr/share/texmf/tex/latex/lm/omxlmex.fd
File: omxlmex.fd 2009/10/30 v1.6 Font defs for Latin Modern
)
LaTeX Font Info:    External font `lmex10' loaded for size
(Font)              <12> on input line 2.
<<omx.cmap>>
LaTeX Font Info:    External font `lmex10' loaded for size
(Font)              <8> on input line 2.
LaTeX Font Info:    External font `lmex10' loaded for size
(Font)              <6> on input line 2.
Package acronym Info: Label `acro:ESP-IDF' newly defined as it shall be overrid
den
although it is yet undefined on input line 8.
LaTeX Font Info:    Trying to load font information for TS1+lmr on input line 8
.

(/usr/share/texmf/tex/latex/lm/ts1lmr.fd
File: ts1lmr.fd 2009/10/30 v1.6 Font defs for Latin Modern
)) [9]
\openout2 = `abrev/Abreviaturas.aux'.

 (./abrev/Abreviaturas.tex
[10


] [11]) [12] (../output/main_tcc_ufu.toc [13


]
LaTeX Font Info:    External font `lmex10' loaded for size
(Font)              <14.4> on input line 38.
LaTeX Font Info:    External font `lmex10' loaded for size
(Font)              <10> on input line 38.
LaTeX Font Info:    External font `lmex10' loaded for size
(Font)              <7> on input line 38.
) [14]
\openout2 = `cap_introducao/introducao.aux'.


(./cap_introducao/introducao.tex
LaTeX Font Info:    External font `lmex10' loaded for size
(Font)              <5> on input line 18.
Package acronym Info: Label `acro:MAPL' newly defined as it shall be overridden

although it is yet undefined on input line 25.
 [15


]) [16]
\openout2 = `cap_fundamentacao/fundamentacao.aux'.


(./cap_fundamentacao/fundamentacao.tex
<figs/set-pneumatica.jpg, id=303, 938.50626pt x 370.38374pt>
File: figs/set-pneumatica.jpg Graphic file (type jpg)
<use figs/set-pneumatica.jpg>
Package pdftex.def Info: figs/set-pneumatica.jpg  used on input line 13.
(pdftex.def)             Requested size: 469.25198pt x 185.1914pt.

Overfull \hbox (14.25198pt too wide) in paragraph at lines 13--14
 [] 
 []

[17



pdfTeX warning (ext4): destination with the same identifier (name{figure.2.1}) 
has been already used, duplicate ignored

\AtBegShi@Output ...ipout \box \AtBeginShipoutBox 
                                                  \fi \fi 
l.24 
      <./figs/set-pneumatica.jpg>]
<figs/std-example.png, id=310, 863.225pt x 588.1975pt>
File: figs/std-example.png Graphic file (type png)
<use figs/std-example.png>
Package pdftex.def Info: figs/std-example.png  used on input line 35.
(pdftex.def)             Requested size: 431.61145pt x 294.09802pt.
 [18pdfTeX warning (ext4): destination with the same identifier (name{figure.2.
2}) has been already used, duplicate ignored

\AtBegShi@Output ...ipout \box \AtBeginShipoutBox 
                                                  \fi \fi 
l.48 
      <./figs/std-example.png>]
Package acronym Info: Label `acro:CLP' newly defined as it shall be overridden
although it is yet undefined on input line 61.
Package acronym Info: Label `acro:IL' newly defined as it shall be overridden
although it is yet undefined on input line 73.
Package acronym Info: Label `acro:ST' newly defined as it shall be overridden
although it is yet undefined on input line 73.
Package acronym Info: Label `acro:LD' newly defined as it shall be overridden
although it is yet undefined on input line 73.
Package acronym Info: Label `acro:FBD' newly defined as it shall be overridden
although it is yet undefined on input line 73.
<figs/ladder-diag.png, id=337, 228.855pt x 116.435pt>
File: figs/ladder-diag.png Graphic file (type png)
<use figs/ladder-diag.png>
Package pdftex.def Info: figs/ladder-diag.png  used on input line 88.
(pdftex.def)             Requested size: 228.85443pt x 116.43471pt.
Package acronym Info: Label `acro:GRAFCET' newly defined as it shall be overrid
den
although it is yet undefined on input line 96.
 [19]
<figs/grafcet-diag.png, id=358, 252.945pt x 457.71pt>
File: figs/grafcet-diag.png Graphic file (type png)
<use figs/grafcet-diag.png>
Package pdftex.def Info: figs/grafcet-diag.png  used on input line 109.
(pdftex.def)             Requested size: 126.47218pt x 228.85445pt.
Package acronym Info: Label `acro:IaaS' newly defined as it shall be overridden

although it is yet undefined on input line 119.
Package acronym Info: Label `acro:WAH' newly defined as it shall be overridden
although it is yet undefined on input line 123.
 [20pdfTeX warning (ext4): destination with the same identifier (name{figure.2.
3}) has been already used, duplicate ignored

\AtBegShi@Output ...ipout \box \AtBeginShipoutBox 
                                                  \fi \fi 
l.125 
       <./figs/ladder-diag.png>] [21pdfTeX warning (ext4): destination with the
 same identifier (name{figure.2.4}) has been already used, duplicate ignored

\AtBegShi@Output ...ipout \box \AtBeginShipoutBox 
                                                  \fi \fi 
l.156 
       <./figs/grafcet-diag.png>]
<figs/mqtt-publish-subscribe.png, id=390, 770.88pt x 240.9pt>
File: figs/mqtt-publish-subscribe.png Graphic file (type png)
<use figs/mqtt-publish-subscribe.png>
Package pdftex.def Info: figs/mqtt-publish-subscribe.png  used on input line 15
9.
(pdftex.def)             Requested size: 231.26578pt x 72.27055pt.
Package acronym Info: Label `acro:CI' newly defined as it shall be overridden
although it is yet undefined on input line 183.
Package acronym Info: Label `acro:SoC' newly defined as it shall be overridden
although it is yet undefined on input line 183.
 [22pdfTeX warning (ext4): destination with the same identifier (name{figure.2.
5}) has been already used, duplicate ignored

\AtBegShi@Output ...ipout \box \AtBeginShipoutBox 
                                                  \fi \fi 
l.186 
       <./figs/mqtt-publish-subscribe.png>]
<figs/esp32-familia.png, id=408, 507.0945pt x 187.1793pt>
File: figs/esp32-familia.png Graphic file (type png)
<use figs/esp32-familia.png>
Package pdftex.def Info: figs/esp32-familia.png  used on input line 200.
(pdftex.def)             Requested size: 253.54662pt x 93.58942pt.
Package acronym Info: Label `acro:GCC' newly defined as it shall be overridden
although it is yet undefined on input line 215.
 [23pdfTeX warning (ext4): destination with the same identifier (name{figure.2.
6}) has been already used, duplicate ignored

\AtBegShi@Output ...ipout \box \AtBeginShipoutBox 
                                                  \fi \fi 
l.220 
       <./figs/esp32-familia.png>]
<figs/comp-flow.png, id=429, 507.8975pt x 378.41376pt>
File: figs/comp-flow.png Graphic file (type png)
<use figs/comp-flow.png>
Package pdftex.def Info: figs/comp-flow.png  used on input line 223.
(pdftex.def)             Requested size: 253.94814pt x 189.2064pt.
 [24pdfTeX warning (ext4): destination with the same identifier (name{figure.2.
7}) has been already used, duplicate ignored

\AtBegShi@Output ...ipout \box \AtBeginShipoutBox 
                                                  \fi \fi 
l.246 
       <./figs/comp-flow.png>]
<figs/raspberry-pi-4.png, id=448, 573.14125pt x 341.275pt>
File: figs/raspberry-pi-4.png Graphic file (type png)
<use figs/raspberry-pi-4.png>
Package pdftex.def Info: figs/raspberry-pi-4.png  used on input line 249.
(pdftex.def)             Requested size: 286.56992pt x 170.63707pt.
Package acronym Info: Label `acro:SO' newly defined as it shall be overridden
although it is yet undefined on input line 254.
Package acronym Info: Label `acro:LTS' newly defined as it shall be overridden
although it is yet undefined on input line 259.
 [25pdfTeX warning (ext4): destination with the same identifier (name{figure.2.
8}) has been already used, duplicate ignored

\AtBegShi@Output ...ipout \box \AtBeginShipoutBox 
                                                  \fi \fi 
l.275 
       <./figs/raspberry-pi-4.png>]
Package acronym Info: Label `acro:TLS' newly defined as it shall be overridden
although it is yet undefined on input line 283.
Package acronym Info: Label `acro:AES' newly defined as it shall be overridden
although it is yet undefined on input line 288.
Package acronym Info: Label `acro:RSA' newly defined as it shall be overridden
although it is yet undefined on input line 293.
Package acronym Info: Label `acro:ECDSA' newly defined as it shall be overridde
n
although it is yet undefined on input line 293.
Package acronym Info: Label `acro:SSL' newly defined as it shall be overridden
although it is yet undefined on input line 296.
Package acronym Info: Label `acro:SHA' newly defined as it shall be overridden
although it is yet undefined on input line 311.
Package acronym Info: Label `acro:RNG' newly defined as it shall be overridden
although it is yet undefined on input line 311.
 [26]) [27]
\openout2 = `cap_proposta/proposta.aux'.

 (./cap_proposta/proposta.tex
Package acronym Info: Label `acro:WPA2-PSK' newly defined as it shall be overri
dden
although it is yet undefined on input line 12.
Package acronym Info: Label `acro:WPA2-ENT' newly defined as it shall be overri
dden
although it is yet undefined on input line 13.
Package acronym Info: Label `acro:PEAP-MSCHAPv2' newly defined as it shall be o
verridden
although it is yet undefined on input line 14.
<figs/wifi-dia.png, id=507, 588.0369pt x 340.1508pt>
File: figs/wifi-dia.png Graphic file (type png)
<use figs/wifi-dia.png>
Package pdftex.def Info: figs/wifi-dia.png  used on input line 21.
(pdftex.def)             Requested size: 294.01772pt x 170.07498pt.

[28



]
<figs/mqtt-dia.png, id=518, 283.5393pt x 562.5015pt>
File: figs/mqtt-dia.png Graphic file (type png)
<use figs/mqtt-dia.png>
Package pdftex.def Info: figs/mqtt-dia.png  used on input line 38.
(pdftex.def)             Requested size: 141.7693pt x 281.25006pt.
Package acronym Info: Label `acro:UART' newly defined as it shall be overridden

although it is yet undefined on input line 46.
 [29pdfTeX warning (ext4): destination with the same identifier (name{figure.3.
9}) has been already used, duplicate ignored

\AtBegShi@Output ...ipout \box \AtBeginShipoutBox 
                                                  \fi \fi 
l.50 
     pdfTeX warning (ext4): destination with the same identifier (name{figure.3
.10}) has been already used, duplicate ignored

\AtBegShi@Output ...ipout \box \AtBeginShipoutBox 
                                                  \fi \fi 
l.50 
      <./figs/wifi-dia.png> <./figs/mqtt-dia.png>]
<figs/serial-dia.png, id=528, 342.3189pt x 528.2937pt>
File: figs/serial-dia.png Graphic file (type png)
<use figs/serial-dia.png>
Package pdftex.def Info: figs/serial-dia.png  used on input line 53.
(pdftex.def)             Requested size: 171.15901pt x 264.14621pt.
 [30pdfTeX warning (ext4): destination with the same identifier (name{figure.3.
11}) has been already used, duplicate ignored

\AtBegShi@Output ...ipout \box \AtBeginShipoutBox 
                                                  \fi \fi 
l.58 \newpage
              <./figs/serial-dia.png>]) [31]
\openout2 = `cap_experimentos/experimentos.aux'.


(./cap_experimentos/experimentos.tex
Package acronym Info: Label `acro:LEM' newly defined as it shall be overridden
although it is yet undefined on input line 17.
<figs/diag_exp1.png, id=557, 344.9688pt x 280.8894pt>
File: figs/diag_exp1.png Graphic file (type png)
<use figs/diag_exp1.png>
Package pdftex.def Info: figs/diag_exp1.png  used on input line 27.
(pdftex.def)             Requested size: 172.48396pt x 140.44435pt.
<figs/diag_data_exp1.png, id=558, 1344.7038pt x 380.3811pt>
File: figs/diag_data_exp1.png Graphic file (type png)
<use figs/diag_data_exp1.png>
Package pdftex.def Info: figs/diag_data_exp1.png  used on input line 35.
(pdftex.def)             Requested size: 400.0pt x 113.1459pt.
 [32



]
<figs/cert_flow.png, id=574, 889.8846pt x 873.7443pt>
File: figs/cert_flow.png Graphic file (type png)
<use figs/cert_flow.png>
Package pdftex.def Info: figs/cert_flow.png  used on input line 60.
(pdftex.def)             Requested size: 444.94121pt x 436.87108pt.
<figs/diag_exp2.png, id=575, 638.385pt x 273.1806pt>
File: figs/diag_exp2.png Graphic file (type png)
<use figs/diag_exp2.png>
Package pdftex.def Info: figs/diag_exp2.png  used on input line 71.
(pdftex.def)             Requested size: 319.19171pt x 136.58995pt.
 [33pdfTeX warning (ext4): destination with the same identifier (name{figure.4.
12}) has been already used, duplicate ignored

\AtBegShi@Output ...ipout \box \AtBeginShipoutBox 
                                                  \fi \fi 
l.74 \end{figure}
                 pdfTeX warning (ext4): destination with the same identifier (n
ame{figure.4.13}) has been already used, duplicate ignored

\AtBegShi@Output ...ipout \box \AtBeginShipoutBox 
                                                  \fi \fi 
l.74 \end{figure}
                  <./figs/diag_exp1.png> <./figs/diag_data_exp1.png>]
<figs/diag_data_exp2.png, id=585, 1606.0803pt x 940.4736pt>
File: figs/diag_data_exp2.png Graphic file (type png)
<use figs/diag_data_exp2.png>
Package pdftex.def Info: figs/diag_data_exp2.png  used on input line 78.
(pdftex.def)             Requested size: 400.0pt x 234.22809pt.
 [34pdfTeX warning (ext4): destination with the same identifier (name{figure.4.
14}) has been already used, duplicate ignored

\AtBegShi@Output ...ipout \box \AtBeginShipoutBox 
                                                  \fi \fi 
l.97 
      <./figs/cert_flow.png>]
<figs/diag_conn.png, id=597, 864.5901pt x 743.1765pt>
File: figs/diag_conn.png Graphic file (type png)
<use figs/diag_conn.png>
Package pdftex.def Info: figs/diag_conn.png  used on input line 100.
(pdftex.def)             Requested size: 300.0pt x 257.87036pt.
 [35pdfTeX warning (ext4): destination with the same identifier (name{figure.4.
15}) has been already used, duplicate ignored

\AtBegShi@Output ...ipout \box \AtBeginShipoutBox 
                                                  \fi \fi 
l.114 
      pdfTeX warning (ext4): destination with the same identifier (name{figure.
4.16}) has been already used, duplicate ignored

\AtBegShi@Output ...ipout \box \AtBeginShipoutBox 
                                                  \fi \fi 
l.114 
       <./figs/diag_exp2.png> <./figs/diag_data_exp2.png>]
<figs/exp_h.png, id=609, 624.3325pt x 340.27126pt>
File: figs/exp_h.png Graphic file (type png)
<use figs/exp_h.png>
Package pdftex.def Info: figs/exp_h.png  used on input line 120.
(pdftex.def)             Requested size: 312.16548pt x 170.13521pt.
<figs/exp_p.png, id=610, 561.09625pt x 302.12875pt>
File: figs/exp_p.png Graphic file (type png)
<use figs/exp_p.png>
Package pdftex.def Info: figs/exp_p.png  used on input line 127.
(pdftex.def)             Requested size: 280.54744pt x 151.064pt.
) [36pdfTeX warning (ext4): destination with the same identifier (name{figure.4
.17}) has been already used, duplicate ignored

\AtBegShi@Output ...ipout \box \AtBeginShipoutBox 
                                                  \fi \fi 
l.259 \include{cap_experimentos/experimentos}
                                              <./figs/diag_conn.png>] [37pdfTeX
 warning (ext4): destination with the same identifier (name{figure.4.18}) has b
een already used, duplicate ignored

\AtBegShi@Output ...ipout \box \AtBeginShipoutBox 
                                                  \fi \fi 
l.259 \include{cap_experimentos/experimentos}
                                             pdfTeX warning (ext4): destination
 with the same identifier (name{figure.4.19}) has been already used, duplicate 
ignored

\AtBegShi@Output ...ipout \box \AtBeginShipoutBox 
                                                  \fi \fi 
l.259 \include{cap_experimentos/experimentos}
                                              <./figs/exp_h.png> <./figs/exp_p.
png>]
\openout2 = `cap_conclusao/conclusao.aux'.

 (./cap_conclusao/conclusao.tex) [38



] [39] (../output/main_tcc_ufu.bbl
bibitemlist
[40


]) [41]

Package hyperref Warning: Token not allowed in a PDF string (PDFDocEncoding):
(hyperref)                removing `\uppercase' on input line 301.

[42


]
\openout2 = `ape_codigos_python/codigos.aux'.

 (./ape_codigos_python/codigos.tex
(/usr/share/texlive/texmf-dist/tex/latex/listings/lstlang1.sty
File: lstlang1.sty 2019/09/10 1.8c listings language file
)
Package hyperref Info: bookmark level for unknown lstlisting defaults to 0 on i
nput line 23.

(./ape_codigos_python/logico.py
LaTeX Font Info:    External font `lmex10' loaded for size
(Font)              <10.95> on input line 6.

Overfull \hbox (44.32404pt too wide) in paragraph at lines 28--29
[][][][][][][][][][][][][][][][][][][][][][][][][][][][][][][][][][][][][][][][
][][][][][][][][][][][][][][][][][][][][][][][][][][][][][][][][][][][][][][][]
[][] 
 []

[43


])) [44]
\openout2 = `ape_codigos_mosquitto/codigos.aux'.

 (./ape_codigos_mosquitto/codigos.tex
LaTeX Font Info:    Trying to load font information for TS1+lmss on input line 
1.

(/usr/share/texmf/tex/latex/lm/ts1lmss.fd
File: ts1lmss.fd 2009/10/30 v1.6 Font defs for Latin Modern
)
LaTeX Font Info:    Font shape `T1/lmss/bx/it' in size <24.88> not available
(Font)              Font shape `T1/lmss/bx/sl' tried instead on input line 1.

(./ape_codigos_mosquitto/mosquitto.conf)) [45



]
\openout2 = `ape_codigos_exp1/codigos.aux'.

 (./ape_codigos_exp1/codigos.tex
(/usr/share/texlive/texmf-dist/tex/latex/listings/lstlang1.sty
File: lstlang1.sty 2019/09/10 1.8c listings language file
)
(/usr/share/texlive/texmf-dist/tex/latex/listings/lstlang1.sty
File: lstlang1.sty 2019/09/10 1.8c listings language file
)
(/usr/share/texlive/texmf-dist/tex/latex/listings/lstmisc.sty
File: lstmisc.sty 2019/09/10 1.8c (Carsten Heinz)
)
(./ape_codigos_exp1/publisher_example.cpp) [46



]
(./ape_codigos_exp1/subscriber_example.cpp)) [47]
\openout2 = `ape_codigos_exp2/codigos.aux'.


(./ape_codigos_exp2/codigos.tex (./ape_codigos_exp2/pub_sub_example.cpp
[48



])) [49]

Package hyperref Warning: Token not allowed in a PDF string (PDFDocEncoding):
(hyperref)                removing `\uppercase' on input line 321.

[50



]
\openout2 = `ane_mosq_bridge_doc/anexo_man_bridge.aux'.

 (./ane_mosq_bridge_doc/anexo_man_bridge.tex [51


]
<ane_mosq_bridge_doc/bridge_conf_man.pdf, id=901, 614.295pt x 794.97pt>
File: ane_mosq_bridge_doc/bridge_conf_man.pdf Graphic file (type pdf)
<use ane_mosq_bridge_doc/bridge_conf_man.pdf>
Package pdftex.def Info: ane_mosq_bridge_doc/bridge_conf_man.pdf  used on input
 line 6.
(pdftex.def)             Requested size: 614.29349pt x 794.96806pt.
File: ane_mosq_bridge_doc/bridge_conf_man.pdf Graphic file (type pdf)
<use ane_mosq_bridge_doc/bridge_conf_man.pdf>
Package pdftex.def Info: ane_mosq_bridge_doc/bridge_conf_man.pdf  used on input
 line 6.
(pdftex.def)             Requested size: 614.29349pt x 794.96806pt.
<ane_mosq_bridge_doc/bridge_conf_man.pdf, id=904, page=1, 614.295pt x 794.97pt>

File: ane_mosq_bridge_doc/bridge_conf_man.pdf Graphic file (type pdf)
<use ane_mosq_bridge_doc/bridge_conf_man.pdf, page 1>
Package pdftex.def Info: ane_mosq_bridge_doc/bridge_conf_man.pdf , page1 used o
n input line 6.
(pdftex.def)             Requested size: 614.29349pt x 794.96806pt.
File: ane_mosq_bridge_doc/bridge_conf_man.pdf Graphic file (type pdf)
<use ane_mosq_bridge_doc/bridge_conf_man.pdf, page 1>
Package pdftex.def Info: ane_mosq_bridge_doc/bridge_conf_man.pdf , page1 used o
n input line 6.
(pdftex.def)             Requested size: 597.78697pt x 773.60669pt.
File: ane_mosq_bridge_doc/bridge_conf_man.pdf Graphic file (type pdf)
<use ane_mosq_bridge_doc/bridge_conf_man.pdf, page 1>
Package pdftex.def Info: ane_mosq_bridge_doc/bridge_conf_man.pdf , page1 used o
n input line 6.
(pdftex.def)             Requested size: 597.78697pt x 773.60669pt.
File: ane_mosq_bridge_doc/bridge_conf_man.pdf Graphic file (type pdf)
<use ane_mosq_bridge_doc/bridge_conf_man.pdf, page 1>
Package pdftex.def Info: ane_mosq_bridge_doc/bridge_conf_man.pdf , page1 used o
n input line 6.
(pdftex.def)             Requested size: 597.78697pt x 773.60669pt.
File: ane_mosq_bridge_doc/bridge_conf_man.pdf Graphic file (type pdf)
<use ane_mosq_bridge_doc/bridge_conf_man.pdf, page 1>
Package pdftex.def Info: ane_mosq_bridge_doc/bridge_conf_man.pdf , page1 used o
n input line 6.
(pdftex.def)             Requested size: 597.78697pt x 773.60669pt.
 [52 <./ane_mosq_bridge_doc/bridge_conf_man.pdf>]
<ane_mosq_bridge_doc/bridge_conf_man.pdf, id=942, page=2, 614.295pt x 794.97pt>

File: ane_mosq_bridge_doc/bridge_conf_man.pdf Graphic file (type pdf)
<use ane_mosq_bridge_doc/bridge_conf_man.pdf, page 2>
Package pdftex.def Info: ane_mosq_bridge_doc/bridge_conf_man.pdf , page2 used o
n input line 6.
(pdftex.def)             Requested size: 597.78697pt x 773.60669pt.
File: ane_mosq_bridge_doc/bridge_conf_man.pdf Graphic file (type pdf)
<use ane_mosq_bridge_doc/bridge_conf_man.pdf, page 2>
Package pdftex.def Info: ane_mosq_bridge_doc/bridge_conf_man.pdf , page2 used o
n input line 6.
(pdftex.def)             Requested size: 597.78697pt x 773.60669pt.
File: ane_mosq_bridge_doc/bridge_conf_man.pdf Graphic file (type pdf)
<use ane_mosq_bridge_doc/bridge_conf_man.pdf, page 2>
Package pdftex.def Info: ane_mosq_bridge_doc/bridge_conf_man.pdf , page2 used o
n input line 6.
(pdftex.def)             Requested size: 597.78697pt x 773.60669pt.
 [53 <./ane_mosq_bridge_doc/bridge_conf_man.pdf>]
<ane_mosq_bridge_doc/bridge_conf_man.pdf, id=947, page=3, 614.295pt x 794.97pt>

File: ane_mosq_bridge_doc/bridge_conf_man.pdf Graphic file (type pdf)
<use ane_mosq_bridge_doc/bridge_conf_man.pdf, page 3>
Package pdftex.def Info: ane_mosq_bridge_doc/bridge_conf_man.pdf , page3 used o
n input line 6.
(pdftex.def)             Requested size: 597.78697pt x 773.60669pt.
File: ane_mosq_bridge_doc/bridge_conf_man.pdf Graphic file (type pdf)
<use ane_mosq_bridge_doc/bridge_conf_man.pdf, page 3>
Package pdftex.def Info: ane_mosq_bridge_doc/bridge_conf_man.pdf , page3 used o
n input line 6.
(pdftex.def)             Requested size: 597.78697pt x 773.60669pt.
File: ane_mosq_bridge_doc/bridge_conf_man.pdf Graphic file (type pdf)
<use ane_mosq_bridge_doc/bridge_conf_man.pdf, page 3>
Package pdftex.def Info: ane_mosq_bridge_doc/bridge_conf_man.pdf , page3 used o
n input line 6.
(pdftex.def)             Requested size: 597.78697pt x 773.60669pt.

[54 <./ane_mosq_bridge_doc/bridge_conf_man.pdf>]
<ane_mosq_bridge_doc/bridge_conf_man.pdf, id=953, page=4, 614.295pt x 794.97pt>

File: ane_mosq_bridge_doc/bridge_conf_man.pdf Graphic file (type pdf)
<use ane_mosq_bridge_doc/bridge_conf_man.pdf, page 4>
Package pdftex.def Info: ane_mosq_bridge_doc/bridge_conf_man.pdf , page4 used o
n input line 6.
(pdftex.def)             Requested size: 597.78697pt x 773.60669pt.
File: ane_mosq_bridge_doc/bridge_conf_man.pdf Graphic file (type pdf)
<use ane_mosq_bridge_doc/bridge_conf_man.pdf, page 4>
Package pdftex.def Info: ane_mosq_bridge_doc/bridge_conf_man.pdf , page4 used o
n input line 6.
(pdftex.def)             Requested size: 597.78697pt x 773.60669pt.
File: ane_mosq_bridge_doc/bridge_conf_man.pdf Graphic file (type pdf)
<use ane_mosq_bridge_doc/bridge_conf_man.pdf, page 4>
Package pdftex.def Info: ane_mosq_bridge_doc/bridge_conf_man.pdf , page4 used o
n input line 6.
(pdftex.def)             Requested size: 597.78697pt x 773.60669pt.
 [55 <./ane_mosq_bridge_doc/bridge_conf_man.pdf>]
<ane_mosq_bridge_doc/bridge_conf_man.pdf, id=958, page=5, 614.295pt x 794.97pt>

File: ane_mosq_bridge_doc/bridge_conf_man.pdf Graphic file (type pdf)
<use ane_mosq_bridge_doc/bridge_conf_man.pdf, page 5>
Package pdftex.def Info: ane_mosq_bridge_doc/bridge_conf_man.pdf , page5 used o
n input line 6.
(pdftex.def)             Requested size: 597.78697pt x 773.60669pt.
File: ane_mosq_bridge_doc/bridge_conf_man.pdf Graphic file (type pdf)
<use ane_mosq_bridge_doc/bridge_conf_man.pdf, page 5>
Package pdftex.def Info: ane_mosq_bridge_doc/bridge_conf_man.pdf , page5 used o
n input line 6.
(pdftex.def)             Requested size: 597.78697pt x 773.60669pt.
File: ane_mosq_bridge_doc/bridge_conf_man.pdf Graphic file (type pdf)
<use ane_mosq_bridge_doc/bridge_conf_man.pdf, page 5>
Package pdftex.def Info: ane_mosq_bridge_doc/bridge_conf_man.pdf , page5 used o
n input line 6.
(pdftex.def)             Requested size: 597.78697pt x 773.60669pt.
 [56 <./ane_mosq_bridge_doc/bridge_conf_man.pdf>]
<ane_mosq_bridge_doc/bridge_conf_man.pdf, id=963, page=6, 614.295pt x 794.97pt>

File: ane_mosq_bridge_doc/bridge_conf_man.pdf Graphic file (type pdf)
<use ane_mosq_bridge_doc/bridge_conf_man.pdf, page 6>
Package pdftex.def Info: ane_mosq_bridge_doc/bridge_conf_man.pdf , page6 used o
n input line 6.
(pdftex.def)             Requested size: 597.78697pt x 773.60669pt.
File: ane_mosq_bridge_doc/bridge_conf_man.pdf Graphic file (type pdf)
<use ane_mosq_bridge_doc/bridge_conf_man.pdf, page 6>
Package pdftex.def Info: ane_mosq_bridge_doc/bridge_conf_man.pdf , page6 used o
n input line 6.
(pdftex.def)             Requested size: 597.78697pt x 773.60669pt.
File: ane_mosq_bridge_doc/bridge_conf_man.pdf Graphic file (type pdf)
<use ane_mosq_bridge_doc/bridge_conf_man.pdf, page 6>
Package pdftex.def Info: ane_mosq_bridge_doc/bridge_conf_man.pdf , page6 used o
n input line 6.
(pdftex.def)             Requested size: 597.78697pt x 773.60669pt.
 [57 <./ane_mosq_bridge_doc/bridge_conf_man.pdf>]
<ane_mosq_bridge_doc/bridge_conf_man.pdf, id=968, page=7, 614.295pt x 794.97pt>

File: ane_mosq_bridge_doc/bridge_conf_man.pdf Graphic file (type pdf)
<use ane_mosq_bridge_doc/bridge_conf_man.pdf, page 7>
Package pdftex.def Info: ane_mosq_bridge_doc/bridge_conf_man.pdf , page7 used o
n input line 6.
(pdftex.def)             Requested size: 597.78697pt x 773.60669pt.
File: ane_mosq_bridge_doc/bridge_conf_man.pdf Graphic file (type pdf)
<use ane_mosq_bridge_doc/bridge_conf_man.pdf, page 7>
Package pdftex.def Info: ane_mosq_bridge_doc/bridge_conf_man.pdf , page7 used o
n input line 6.
(pdftex.def)             Requested size: 597.78697pt x 773.60669pt.
File: ane_mosq_bridge_doc/bridge_conf_man.pdf Graphic file (type pdf)
<use ane_mosq_bridge_doc/bridge_conf_man.pdf, page 7>
Package pdftex.def Info: ane_mosq_bridge_doc/bridge_conf_man.pdf , page7 used o
n input line 6.
(pdftex.def)             Requested size: 597.78697pt x 773.60669pt.
 [58 <./ane_mosq_bridge_doc/bridge_conf_man.pdf>]
<ane_mosq_bridge_doc/bridge_conf_man.pdf, id=973, page=8, 614.295pt x 794.97pt>

File: ane_mosq_bridge_doc/bridge_conf_man.pdf Graphic file (type pdf)
<use ane_mosq_bridge_doc/bridge_conf_man.pdf, page 8>
Package pdftex.def Info: ane_mosq_bridge_doc/bridge_conf_man.pdf , page8 used o
n input line 6.
(pdftex.def)             Requested size: 597.78697pt x 773.60669pt.
File: ane_mosq_bridge_doc/bridge_conf_man.pdf Graphic file (type pdf)
<use ane_mosq_bridge_doc/bridge_conf_man.pdf, page 8>
Package pdftex.def Info: ane_mosq_bridge_doc/bridge_conf_man.pdf , page8 used o
n input line 6.
(pdftex.def)             Requested size: 597.78697pt x 773.60669pt.
File: ane_mosq_bridge_doc/bridge_conf_man.pdf Graphic file (type pdf)
<use ane_mosq_bridge_doc/bridge_conf_man.pdf, page 8>
Package pdftex.def Info: ane_mosq_bridge_doc/bridge_conf_man.pdf , page8 used o
n input line 6.
(pdftex.def)             Requested size: 597.78697pt x 773.60669pt.
 [59 <./ane_mosq_bridge_doc/bridge_conf_man.pdf>]
<ane_mosq_bridge_doc/bridge_conf_man.pdf, id=984, page=9, 614.295pt x 794.97pt>

File: ane_mosq_bridge_doc/bridge_conf_man.pdf Graphic file (type pdf)
<use ane_mosq_bridge_doc/bridge_conf_man.pdf, page 9>
Package pdftex.def Info: ane_mosq_bridge_doc/bridge_conf_man.pdf , page9 used o
n input line 6.
(pdftex.def)             Requested size: 597.78697pt x 773.60669pt.
File: ane_mosq_bridge_doc/bridge_conf_man.pdf Graphic file (type pdf)
<use ane_mosq_bridge_doc/bridge_conf_man.pdf, page 9>
Package pdftex.def Info: ane_mosq_bridge_doc/bridge_conf_man.pdf , page9 used o
n input line 6.
(pdftex.def)             Requested size: 597.78697pt x 773.60669pt.
File: ane_mosq_bridge_doc/bridge_conf_man.pdf Graphic file (type pdf)
<use ane_mosq_bridge_doc/bridge_conf_man.pdf, page 9>
Package pdftex.def Info: ane_mosq_bridge_doc/bridge_conf_man.pdf , page9 used o
n input line 6.
(pdftex.def)             Requested size: 597.78697pt x 773.60669pt.
 [60 <./ane_mosq_bridge_doc/bridge_conf_man.pdf>]
<ane_mosq_bridge_doc/bridge_conf_man.pdf, id=990, page=10, 614.295pt x 794.97pt
>
File: ane_mosq_bridge_doc/bridge_conf_man.pdf Graphic file (type pdf)
<use ane_mosq_bridge_doc/bridge_conf_man.pdf, page 10>
Package pdftex.def Info: ane_mosq_bridge_doc/bridge_conf_man.pdf , page10 used 
on input line 6.
(pdftex.def)             Requested size: 597.78697pt x 773.60669pt.
File: ane_mosq_bridge_doc/bridge_conf_man.pdf Graphic file (type pdf)
<use ane_mosq_bridge_doc/bridge_conf_man.pdf, page 10>
Package pdftex.def Info: ane_mosq_bridge_doc/bridge_conf_man.pdf , page10 used 
on input line 6.
(pdftex.def)             Requested size: 597.78697pt x 773.60669pt.
File: ane_mosq_bridge_doc/bridge_conf_man.pdf Graphic file (type pdf)
<use ane_mosq_bridge_doc/bridge_conf_man.pdf, page 10>
Package pdftex.def Info: ane_mosq_bridge_doc/bridge_conf_man.pdf , page10 used 
on input line 6.
(pdftex.def)             Requested size: 597.78697pt x 773.60669pt.
 [61 <./ane_mosq_bridge_doc/bridge_conf_man.pdf>]
<ane_mosq_bridge_doc/bridge_conf_man.pdf, id=995, page=11, 614.295pt x 794.97pt
>
File: ane_mosq_bridge_doc/bridge_conf_man.pdf Graphic file (type pdf)
<use ane_mosq_bridge_doc/bridge_conf_man.pdf, page 11>
Package pdftex.def Info: ane_mosq_bridge_doc/bridge_conf_man.pdf , page11 used 
on input line 6.
(pdftex.def)             Requested size: 597.78697pt x 773.60669pt.
File: ane_mosq_bridge_doc/bridge_conf_man.pdf Graphic file (type pdf)
<use ane_mosq_bridge_doc/bridge_conf_man.pdf, page 11>
Package pdftex.def Info: ane_mosq_bridge_doc/bridge_conf_man.pdf , page11 used 
on input line 6.
(pdftex.def)             Requested size: 597.78697pt x 773.60669pt.
File: ane_mosq_bridge_doc/bridge_conf_man.pdf Graphic file (type pdf)
<use ane_mosq_bridge_doc/bridge_conf_man.pdf, page 11>
Package pdftex.def Info: ane_mosq_bridge_doc/bridge_conf_man.pdf , page11 used 
on input line 6.
(pdftex.def)             Requested size: 597.78697pt x 773.60669pt.

[62 <./ane_mosq_bridge_doc/bridge_conf_man.pdf>])
\openout2 = `ane_esp_kit/anexo_esp_kit.aux'.


(./ane_esp_kit/anexo_esp_kit.tex [63



]

pdfTeX warning: pdflatex (file ./ane_esp_kit/esp32_devkitc_v4-sch.pdf): PDF inc
lusion: found PDF version <1.7>, but at most version <1.5> allowed
<ane_esp_kit/esp32_devkitc_v4-sch.pdf, id=1004, 1589.94pt x 1228.59pt>
File: ane_esp_kit/esp32_devkitc_v4-sch.pdf Graphic file (type pdf)
<use ane_esp_kit/esp32_devkitc_v4-sch.pdf>
Package pdftex.def Info: ane_esp_kit/esp32_devkitc_v4-sch.pdf  used on input li
ne 6.
(pdftex.def)             Requested size: 1589.93613pt x 1228.587pt.


pdfTeX warning: pdflatex (file ./ane_esp_kit/esp32_devkitc_v4-sch.pdf): PDF inc
lusion: found PDF version <1.7>, but at most version <1.5> allowed
File: ane_esp_kit/esp32_devkitc_v4-sch.pdf Graphic file (type pdf)
<use ane_esp_kit/esp32_devkitc_v4-sch.pdf>
Package pdftex.def Info: ane_esp_kit/esp32_devkitc_v4-sch.pdf  used on input li
ne 6.
(pdftex.def)             Requested size: 1589.93613pt x 1228.587pt.


pdfTeX warning: pdflatex (file ./ane_esp_kit/esp32_devkitc_v4-sch.pdf): PDF inc
lusion: found PDF version <1.7>, but at most version <1.5> allowed


pdfTeX warning: pdflatex (file ./ane_esp_kit/esp32_devkitc_v4-sch.pdf): PDF inc
lusion: found PDF version <1.7>, but at most version <1.5> allowed
<ane_esp_kit/esp32_devkitc_v4-sch.pdf, id=1007, page=1, 1589.94pt x 1228.59pt>
File: ane_esp_kit/esp32_devkitc_v4-sch.pdf Graphic file (type pdf)
<use ane_esp_kit/esp32_devkitc_v4-sch.pdf, page 1>
Package pdftex.def Info: ane_esp_kit/esp32_devkitc_v4-sch.pdf , page1 used on i
nput line 6.
(pdftex.def)             Requested size: 1589.93613pt x 1228.587pt.
File: ane_esp_kit/esp32_devkitc_v4-sch.pdf Graphic file (type pdf)
<use ane_esp_kit/esp32_devkitc_v4-sch.pdf, page 1>
Package pdftex.def Info: ane_esp_kit/esp32_devkitc_v4-sch.pdf , page1 used on i
nput line 6.
(pdftex.def)             Requested size: 1589.93613pt x 1228.587pt.
File: ane_esp_kit/esp32_devkitc_v4-sch.pdf Graphic file (type pdf)
<use ane_esp_kit/esp32_devkitc_v4-sch.pdf, page 1>
Package pdftex.def Info: ane_esp_kit/esp32_devkitc_v4-sch.pdf , page1 used on i
nput line 6.
(pdftex.def)             Requested size: 1589.93613pt x 1228.587pt.
File: ane_esp_kit/esp32_devkitc_v4-sch.pdf Graphic file (type pdf)
<use ane_esp_kit/esp32_devkitc_v4-sch.pdf, page 1>
Package pdftex.def Info: ane_esp_kit/esp32_devkitc_v4-sch.pdf , page1 used on i
nput line 6.
(pdftex.def)             Requested size: 1589.93613pt x 1228.587pt.
File: ane_esp_kit/esp32_devkitc_v4-sch.pdf Graphic file (type pdf)
<use ane_esp_kit/esp32_devkitc_v4-sch.pdf, page 1>
Package pdftex.def Info: ane_esp_kit/esp32_devkitc_v4-sch.pdf , page1 used on i
nput line 6.
(pdftex.def)             Requested size: 1589.93613pt x 1228.587pt.
[64

 <./ane_esp_kit/esp32_devkitc_v4-sch.pdf>])
\openout2 = `ane_esp_mod/anexo_esp_mod.aux'.

 (./ane_esp_mod/anexo_esp_mod.tex [65




]
<ane_esp_mod/mod-esq.png, id=1037, 1541.76pt x 723.70375pt>
File: ane_esp_mod/mod-esq.png Graphic file (type png)
<use ane_esp_mod/mod-esq.png>
Package pdftex.def Info: ane_esp_mod/mod-esq.png  used on input line 8.
(pdftex.def)             Requested size: 770.87811pt x 361.85098pt.

Overfull \hbox (62.87811pt too wide) in paragraph at lines 8--9
 [] 
 []

[66

 <./ane_esp_mod/mod-esq.png>]) 
AED: lastpage setting LastPage
\tf@lof=\write6
\openout6 = `main_tcc_ufu.lof'.

\tf@toc=\write7
\openout7 = `main_tcc_ufu.toc'.

Package atveryend Info: Empty hook `BeforeClearDocument' on input line 329.
Package atveryend Info: Empty hook `AfterLastShipout' on input line 329.
(../output/main_tcc_ufu.aux (../output/abrev/Abreviaturas.aux)
(../output/cap_introducao/introducao.aux)
(../output/cap_fundamentacao/fundamentacao.aux)
(../output/cap_proposta/proposta.aux)
(../output/cap_experimentos/experimentos.aux)
(../output/cap_conclusao/conclusao.aux)
(../output/ape_codigos_python/codigos.aux)
(../output/ape_codigos_mosquitto/codigos.aux)
(../output/ape_codigos_exp1/codigos.aux)
(../output/ape_codigos_exp2/codigos.aux)
(../output/ane_mosq_bridge_doc/anexo_man_bridge.aux)
(../output/ane_esp_kit/anexo_esp_kit.aux)
(../output/ane_esp_mod/anexo_esp_mod.aux))
Package atveryend Info: Executing hook `AtVeryEndDocument' on input line 329.
Package atveryend Info: Empty hook `AtEndAfterFileList' on input line 329.


LaTeX Font Warning: Some font shapes were not available, defaults substituted.

Package atveryend Info: Empty hook `AtVeryVeryEnd' on input line 329.
 ) 
Here is how much of TeX's memory you used:
 19744 strings out of 481239
 302906 string characters out of 5920377
 989525 words of memory out of 5000000
 33956 multiletter control sequences out of 15000+600000
 629903 words of font info for 81 fonts, out of 8000000 for 9000
 1141 hyphenation exceptions out of 8191
 51i,20n,102p,1034b,2252s stack positions out of 5000i,500n,10000p,200000b,80000s
{/usr/share/texmf/fonts/enc/dvips/lm/lm-ts1.enc}{/usr/share/texmf/fonts/enc/d
vips/lm/lm-ec.enc}{/usr/share/texmf/fonts/enc/dvips/lm/lm-mathsy.enc}</usr/shar
e/texmf/fonts/type1/public/lm/lmbx12.pfb></usr/share/texmf/fonts/type1/public/l
m/lmbxi10.pfb></usr/share/texmf/fonts/type1/public/lm/lmcsc10.pfb></usr/share/t
exmf/fonts/type1/public/lm/lmr10.pfb></usr/share/texmf/fonts/type1/public/lm/lm
r12.pfb></usr/share/texmf/fonts/type1/public/lm/lmr7.pfb></usr/share/texmf/font
s/type1/public/lm/lmr8.pfb></usr/share/texmf/fonts/type1/public/lm/lmri10.pfb><
/usr/share/texmf/fonts/type1/public/lm/lmri12.pfb></usr/share/texmf/fonts/type1
/public/lm/lmssbo10.pfb></usr/share/texmf/fonts/type1/public/lm/lmssbx10.pfb></
usr/share/texmf/fonts/type1/public/lm/lmsy10.pfb></usr/share/texlive/texmf-dist
/fonts/type1/urw/zapfding/uzdr.pfb>
Output written on ../output/main_tcc_ufu.pdf (67 pages, 5923695 bytes).
PDF statistics:
 1335 PDF objects out of 1440 (max. 8388607)
 1142 compressed objects within 12 object streams
 429 named destinations out of 1000 (max. 500000)
 651 words of extra memory for PDF output out of 10000 (max. 10000000)

